{
  "stats": {
    "suites": 18,
    "tests": 46,
    "passes": 46,
    "pending": 0,
    "failures": 0,
    "start": "2021-09-08T19:35:27.951Z",
    "end": "2021-09-08T19:39:20.094Z",
    "duration": 232143,
    "testsRegistered": 46,
    "passPercent": 100,
    "pendingPercent": 0,
    "other": 0,
    "hasOther": false,
    "skipped": 0,
    "hasSkipped": false
  },
  "results": [
    {
      "uuid": "1167ee50-07fc-45df-96ff-e6c5b0dea03c",
      "title": "",
      "fullFile": "",
      "file": "",
      "beforeHooks": [],
      "afterHooks": [],
      "tests": [],
      "suites": [
        {
          "uuid": "d90f38d1-810b-4161-a6dc-e36c789c73f5",
          "title": "1 - [TELA DE LOGIN] Crie a tela de login, onde a pessoa que joga deve preencher as informações para iniciar um jogo",
          "fullFile": "",
          "file": "",
          "beforeHooks": [],
          "afterHooks": [],
          "tests": [
            {
              "title": "Escreve o nome da pessoa jogadora",
              "fullTitle": "1 - [TELA DE LOGIN] Crie a tela de login, onde a pessoa que joga deve preencher as informações para iniciar um jogo Escreve o nome da pessoa jogadora",
              "timedOut": null,
              "duration": 6071,
              "state": "passed",
              "speed": "slow",
              "pass": true,
              "fail": false,
              "pending": false,
              "context": null,
              "code": "cy.get(INPUT_PLAYER_NAME_SELECTOR).type('Nome da pessoa');",
              "err": {},
              "uuid": "03191dd9-a9bc-4a2d-9fd5-9c45b0124df3",
              "parentUUID": "d90f38d1-810b-4161-a6dc-e36c789c73f5",
              "isHook": false,
              "skipped": false
            },
            {
              "title": "Escreve o email da pessoa jogadora",
              "fullTitle": "1 - [TELA DE LOGIN] Crie a tela de login, onde a pessoa que joga deve preencher as informações para iniciar um jogo Escreve o email da pessoa jogadora",
              "timedOut": null,
              "duration": 2380,
              "state": "passed",
              "speed": "slow",
              "pass": true,
              "fail": false,
              "pending": false,
              "context": null,
              "code": "cy.get(INPUT_PLAYER_EMAIL_SELECTOR).type('email@pessoa.com');",
              "err": {},
              "uuid": "3dae7a02-71f7-49d5-9b7f-b8834c87b6fb",
              "parentUUID": "d90f38d1-810b-4161-a6dc-e36c789c73f5",
              "isHook": false,
              "skipped": false
            },
            {
              "title": "Botão Jogar desabilitado quando pessoa jogadora não preencher nenhum campo",
              "fullTitle": "1 - [TELA DE LOGIN] Crie a tela de login, onde a pessoa que joga deve preencher as informações para iniciar um jogo Botão Jogar desabilitado quando pessoa jogadora não preencher nenhum campo",
              "timedOut": null,
              "duration": 1291,
              "state": "passed",
              "speed": "slow",
              "pass": true,
              "fail": false,
              "pending": false,
              "context": null,
              "code": "cy.get(BUTTON_PLAY_SELECTOR).should('be.disabled');",
              "err": {},
              "uuid": "8fd3fbee-9fa9-4321-9b13-3b83d23c92c9",
              "parentUUID": "d90f38d1-810b-4161-a6dc-e36c789c73f5",
              "isHook": false,
              "skipped": false
            },
            {
              "title": "Botão Jogar desabilitado quando pessoa jogadora escrever apenas o nome",
              "fullTitle": "1 - [TELA DE LOGIN] Crie a tela de login, onde a pessoa que joga deve preencher as informações para iniciar um jogo Botão Jogar desabilitado quando pessoa jogadora escrever apenas o nome",
              "timedOut": null,
              "duration": 1934,
              "state": "passed",
              "speed": "slow",
              "pass": true,
              "fail": false,
              "pending": false,
              "context": null,
              "code": "cy.get(INPUT_PLAYER_NAME_SELECTOR).type('Nome da pessoa');\ncy.get(BUTTON_PLAY_SELECTOR).should('be.disabled');",
              "err": {},
              "uuid": "870b3113-85d6-48ea-927e-e2a590f90dc0",
              "parentUUID": "d90f38d1-810b-4161-a6dc-e36c789c73f5",
              "isHook": false,
              "skipped": false
            },
            {
              "title": "Botão Jogar desabilitado quando pessoa jogadora escrever apenas o email",
              "fullTitle": "1 - [TELA DE LOGIN] Crie a tela de login, onde a pessoa que joga deve preencher as informações para iniciar um jogo Botão Jogar desabilitado quando pessoa jogadora escrever apenas o email",
              "timedOut": null,
              "duration": 2333,
              "state": "passed",
              "speed": "slow",
              "pass": true,
              "fail": false,
              "pending": false,
              "context": null,
              "code": "cy.get(INPUT_PLAYER_EMAIL_SELECTOR).type('email@pessoa.com');\ncy.get(BUTTON_PLAY_SELECTOR).should('be.disabled');",
              "err": {},
              "uuid": "733e0347-4c00-48f7-aa3c-6c9fc0bd8bb9",
              "parentUUID": "d90f38d1-810b-4161-a6dc-e36c789c73f5",
              "isHook": false,
              "skipped": false
            },
            {
              "title": "Botão Jogar habilitado quando pessoa jogadora preencher os campos de nome e email",
              "fullTitle": "1 - [TELA DE LOGIN] Crie a tela de login, onde a pessoa que joga deve preencher as informações para iniciar um jogo Botão Jogar habilitado quando pessoa jogadora preencher os campos de nome e email",
              "timedOut": null,
              "duration": 3576,
              "state": "passed",
              "speed": "slow",
              "pass": true,
              "fail": false,
              "pending": false,
              "context": null,
              "code": "cy.get(INPUT_PLAYER_NAME_SELECTOR).type('Nome da pessoa');\ncy.get(INPUT_PLAYER_EMAIL_SELECTOR).type('email@pessoa.com');\ncy.get(BUTTON_PLAY_SELECTOR).should('not.be.disabled');",
              "err": {},
              "uuid": "e854e396-c6b9-47bb-b775-09acb43dcafb",
              "parentUUID": "d90f38d1-810b-4161-a6dc-e36c789c73f5",
              "isHook": false,
              "skipped": false
            },
            {
              "title": "Verifica se a store existe no projeto",
              "fullTitle": "1 - [TELA DE LOGIN] Crie a tela de login, onde a pessoa que joga deve preencher as informações para iniciar um jogo Verifica se a store existe no projeto",
              "timedOut": null,
              "duration": 1082,
              "state": "passed",
              "speed": "slow",
              "pass": true,
              "fail": false,
              "pending": false,
              "context": null,
              "code": "cy.window().its('store').invoke('getState');",
              "err": {},
              "uuid": "f9cd9287-c0a4-4d3c-9a8e-463ec3b36bbc",
              "parentUUID": "d90f38d1-810b-4161-a6dc-e36c789c73f5",
              "isHook": false,
              "skipped": false
            }
          ],
          "suites": [],
          "passes": [
            "03191dd9-a9bc-4a2d-9fd5-9c45b0124df3",
            "3dae7a02-71f7-49d5-9b7f-b8834c87b6fb",
            "8fd3fbee-9fa9-4321-9b13-3b83d23c92c9",
            "870b3113-85d6-48ea-927e-e2a590f90dc0",
            "733e0347-4c00-48f7-aa3c-6c9fc0bd8bb9",
            "e854e396-c6b9-47bb-b775-09acb43dcafb",
            "f9cd9287-c0a4-4d3c-9a8e-463ec3b36bbc"
          ],
          "failures": [],
          "pending": [],
          "skipped": [],
          "duration": 18667,
          "root": false,
          "rootEmpty": false,
          "_timeout": 2000
        },
        {
          "uuid": "4f233e55-b1d2-47cf-a4aa-54909c6307c4",
          "title": "2 - [TELA DE LOGIN] Crie o botão de iniciar o jogo",
          "fullFile": "",
          "file": "",
          "beforeHooks": [],
          "afterHooks": [],
          "tests": [
            {
              "title": "Inicia jogo salvando um token de jogador",
              "fullTitle": "2 - [TELA DE LOGIN] Crie o botão de iniciar o jogo Inicia jogo salvando um token de jogador",
              "timedOut": null,
              "duration": 3598,
              "state": "passed",
              "speed": "slow",
              "pass": true,
              "fail": false,
              "pending": false,
              "context": null,
              "code": "cy.get(INPUT_PLAYER_NAME_SELECTOR).type('Nome da pessoa');\ncy.get(INPUT_PLAYER_EMAIL_SELECTOR).type('email@pessoa.com');\ncy.get(BUTTON_PLAY_SELECTOR).click().should(function () {\n  expect(localStorage.getItem(TOKEN_KEY)).not.to.be.null;\n});",
              "err": {},
              "uuid": "fb6b66a1-cbee-4dfa-8438-9d73e49cad7c",
              "parentUUID": "4f233e55-b1d2-47cf-a4aa-54909c6307c4",
              "isHook": false,
              "skipped": false
            }
          ],
          "suites": [],
          "passes": [
            "fb6b66a1-cbee-4dfa-8438-9d73e49cad7c"
          ],
          "failures": [],
          "pending": [],
          "skipped": [],
          "duration": 3598,
          "root": false,
          "rootEmpty": false,
          "_timeout": 2000
        },
        {
          "uuid": "131e2de2-c7f2-4d52-962b-7d5d1dd0a0de",
          "title": "3 - [TELA DE LOGIN] Crie um botão na tela inicial que leve para a tela de configurações",
          "fullFile": "",
          "file": "",
          "beforeHooks": [],
          "afterHooks": [],
          "tests": [
            {
              "title": "O botão deve existir na página",
              "fullTitle": "3 - [TELA DE LOGIN] Crie um botão na tela inicial que leve para a tela de configurações O botão deve existir na página",
              "timedOut": null,
              "duration": 1269,
              "state": "passed",
              "speed": "slow",
              "pass": true,
              "fail": false,
              "pending": false,
              "context": null,
              "code": "cy.get(BUTTON_SETTINGS_SELECTOR).should('exist');",
              "err": {},
              "uuid": "48c4c547-5c10-4518-a501-03b0495e9c75",
              "parentUUID": "131e2de2-c7f2-4d52-962b-7d5d1dd0a0de",
              "isHook": false,
              "skipped": false
            },
            {
              "title": "A tela de configurações deve possuir um título",
              "fullTitle": "3 - [TELA DE LOGIN] Crie um botão na tela inicial que leve para a tela de configurações A tela de configurações deve possuir um título",
              "timedOut": null,
              "duration": 1368,
              "state": "passed",
              "speed": "slow",
              "pass": true,
              "fail": false,
              "pending": false,
              "context": null,
              "code": "cy.get(BUTTON_SETTINGS_SELECTOR).click();\ncy.get(SETTINGS_TITLE_SELECTOR).should('exist');",
              "err": {},
              "uuid": "832a9aa4-595d-4f51-8a02-c7907a82ab14",
              "parentUUID": "131e2de2-c7f2-4d52-962b-7d5d1dd0a0de",
              "isHook": false,
              "skipped": false
            }
          ],
          "suites": [],
          "passes": [
            "48c4c547-5c10-4518-a501-03b0495e9c75",
            "832a9aa4-595d-4f51-8a02-c7907a82ab14"
          ],
          "failures": [],
          "pending": [],
          "skipped": [],
          "duration": 2637,
          "root": false,
          "rootEmpty": false,
          "_timeout": 2000
        },
        {
          "uuid": "0b02e031-b434-49f3-9e61-181a82a9d57a",
          "title": "4 - [TELA DE JOGO] Crie um _header_ que deve conter as informações da pessoa jogadora",
          "fullFile": "",
          "file": "",
          "beforeHooks": [],
          "afterHooks": [],
          "tests": [
            {
              "title": "A imagem do Gravatar está presente no header",
              "fullTitle": "4 - [TELA DE JOGO] Crie um _header_ que deve conter as informações da pessoa jogadora A imagem do Gravatar está presente no header",
              "timedOut": null,
              "duration": 4160,
              "state": "passed",
              "speed": "slow",
              "pass": true,
              "fail": false,
              "pending": false,
              "context": null,
              "code": "cy.get(HEADER_IMAGE_SELECTOR).should('exist');",
              "err": {},
              "uuid": "8aa816cb-e7f5-43e8-8412-4471e68b0c00",
              "parentUUID": "0b02e031-b434-49f3-9e61-181a82a9d57a",
              "isHook": false,
              "skipped": false
            },
            {
              "title": "O nome da pessoa está presente no header",
              "fullTitle": "4 - [TELA DE JOGO] Crie um _header_ que deve conter as informações da pessoa jogadora O nome da pessoa está presente no header",
              "timedOut": null,
              "duration": 3208,
              "state": "passed",
              "speed": "slow",
              "pass": true,
              "fail": false,
              "pending": false,
              "context": null,
              "code": "cy.get(HEADER_NAME_SELECTOR).contains(name);",
              "err": {},
              "uuid": "13f36ad3-01e1-4ae1-96a2-6c241fd32b24",
              "parentUUID": "0b02e031-b434-49f3-9e61-181a82a9d57a",
              "isHook": false,
              "skipped": false
            },
            {
              "title": "O placar zerado está presente no header",
              "fullTitle": "4 - [TELA DE JOGO] Crie um _header_ que deve conter as informações da pessoa jogadora O placar zerado está presente no header",
              "timedOut": null,
              "duration": 3423,
              "state": "passed",
              "speed": "slow",
              "pass": true,
              "fail": false,
              "pending": false,
              "context": null,
              "code": "cy.get(HEADER_SCORE_SELECTOR).contains('0');",
              "err": {},
              "uuid": "82e1354c-6079-491f-aae3-cff1e6e1b155",
              "parentUUID": "0b02e031-b434-49f3-9e61-181a82a9d57a",
              "isHook": false,
              "skipped": false
            }
          ],
          "suites": [],
          "passes": [
            "8aa816cb-e7f5-43e8-8412-4471e68b0c00",
            "13f36ad3-01e1-4ae1-96a2-6c241fd32b24",
            "82e1354c-6079-491f-aae3-cff1e6e1b155"
          ],
          "failures": [],
          "pending": [],
          "skipped": [],
          "duration": 10791,
          "root": false,
          "rootEmpty": false,
          "_timeout": 2000
        },
        {
          "uuid": "fa987370-c053-4079-bdda-45ed753f1d64",
          "title": "5 - [TELA DE JOGO] Crie a página de jogo que deve conter as informações relacionadas à pergunta",
          "fullFile": "",
          "file": "",
          "beforeHooks": [],
          "afterHooks": [],
          "tests": [
            {
              "title": "A categoria da pergunta está presente",
              "fullTitle": "5 - [TELA DE JOGO] Crie a página de jogo que deve conter as informações relacionadas à pergunta A categoria da pergunta está presente",
              "timedOut": null,
              "duration": 3530,
              "state": "passed",
              "speed": "slow",
              "pass": true,
              "fail": false,
              "pending": false,
              "context": null,
              "code": "cy.get(QUESTION_CATEGORY_SELECTOR).should('exist');",
              "err": {},
              "uuid": "e428bfd4-3459-4844-bb84-a5da68691c46",
              "parentUUID": "fa987370-c053-4079-bdda-45ed753f1d64",
              "isHook": false,
              "skipped": false
            },
            {
              "title": "O texto da pergunta está presente",
              "fullTitle": "5 - [TELA DE JOGO] Crie a página de jogo que deve conter as informações relacionadas à pergunta O texto da pergunta está presente",
              "timedOut": null,
              "duration": 4172,
              "state": "passed",
              "speed": "slow",
              "pass": true,
              "fail": false,
              "pending": false,
              "context": null,
              "code": "cy.get(QUESTION_TEXT_SELECTOR).should('exist');",
              "err": {},
              "uuid": "f9f1bd5d-661c-42f9-85fb-f3e65eed1971",
              "parentUUID": "fa987370-c053-4079-bdda-45ed753f1d64",
              "isHook": false,
              "skipped": false
            },
            {
              "title": "As alternativas devem estar presentes",
              "fullTitle": "5 - [TELA DE JOGO] Crie a página de jogo que deve conter as informações relacionadas à pergunta As alternativas devem estar presentes",
              "timedOut": null,
              "duration": 4175,
              "state": "passed",
              "speed": "slow",
              "pass": true,
              "fail": false,
              "pending": false,
              "context": null,
              "code": "cy.get(CORRECT_ALTERNATIVE_SELECTOR).should('exist');\ncy.get(WRONG_ALTERNATIVES_SELECTOR).should('exist');",
              "err": {},
              "uuid": "f4ae506b-f380-44b4-9bea-59d1385a5736",
              "parentUUID": "fa987370-c053-4079-bdda-45ed753f1d64",
              "isHook": false,
              "skipped": false
            }
          ],
          "suites": [],
          "passes": [
            "e428bfd4-3459-4844-bb84-a5da68691c46",
            "f9f1bd5d-661c-42f9-85fb-f3e65eed1971",
            "f4ae506b-f380-44b4-9bea-59d1385a5736"
          ],
          "failures": [],
          "pending": [],
          "skipped": [],
          "duration": 11877,
          "root": false,
          "rootEmpty": false,
          "_timeout": 2000
        },
        {
          "uuid": "58262a93-9ff2-412e-8439-0707b7d2bd07",
          "title": "6 - [TELA DE JOGO] Desenvolva o jogo onde só deve ser possível escolher uma resposta correta por pergunta",
          "fullFile": "",
          "file": "",
          "beforeHooks": [],
          "afterHooks": [],
          "tests": [
            {
              "title": "A quantidade de respostas corretas deve ser 1",
              "fullTitle": "6 - [TELA DE JOGO] Desenvolva o jogo onde só deve ser possível escolher uma resposta correta por pergunta A quantidade de respostas corretas deve ser 1",
              "timedOut": null,
              "duration": 4669,
              "state": "passed",
              "speed": "slow",
              "pass": true,
              "fail": false,
              "pending": false,
              "context": null,
              "code": "cy.get(CORRECT_ALTERNATIVE_SELECTOR).should('have.length', 1);",
              "err": {},
              "uuid": "c30716b3-de4e-43b4-b81f-492e94110dc6",
              "parentUUID": "58262a93-9ff2-412e-8439-0707b7d2bd07",
              "isHook": false,
              "skipped": false
            }
          ],
          "suites": [],
          "passes": [
            "c30716b3-de4e-43b4-b81f-492e94110dc6"
          ],
          "failures": [],
          "pending": [],
          "skipped": [],
          "duration": 4669,
          "root": false,
          "rootEmpty": false,
          "_timeout": 2000
        },
        {
          "uuid": "c51d7319-417c-4ae5-9b29-d18f20e90d91",
          "title": "7 - [TELA DE JOGO] Desenvolva o estilo que, ao clicar em uma resposta, a correta deve ficar verde e as incorretas, vermelhas",
          "fullFile": "",
          "file": "",
          "beforeHooks": [],
          "afterHooks": [],
          "tests": [
            {
              "title": "Verifica cor da alternativa correta quando acerta a questão",
              "fullTitle": "7 - [TELA DE JOGO] Desenvolva o estilo que, ao clicar em uma resposta, a correta deve ficar verde e as incorretas, vermelhas Verifica cor da alternativa correta quando acerta a questão",
              "timedOut": null,
              "duration": 4201,
              "state": "passed",
              "speed": "slow",
              "pass": true,
              "fail": false,
              "pending": false,
              "context": null,
              "code": "cy.get(CORRECT_ALTERNATIVE_SELECTOR).click();\ncy.get(CORRECT_ALTERNATIVE_SELECTOR).should('have.css', 'border-color', 'rgb(6, 240, 15)');\ncy.get(CORRECT_ALTERNATIVE_SELECTOR).should('have.css', 'border-style', 'solid');\ncy.get(CORRECT_ALTERNATIVE_SELECTOR).should('have.css', 'border-width', '3px');",
              "err": {},
              "uuid": "9dee246f-66c7-4d01-b369-217080d6093c",
              "parentUUID": "c51d7319-417c-4ae5-9b29-d18f20e90d91",
              "isHook": false,
              "skipped": false
            },
            {
              "title": "Verifica a cor das alternativas incorretas quando acerta a questão",
              "fullTitle": "7 - [TELA DE JOGO] Desenvolva o estilo que, ao clicar em uma resposta, a correta deve ficar verde e as incorretas, vermelhas Verifica a cor das alternativas incorretas quando acerta a questão",
              "timedOut": null,
              "duration": 4836,
              "state": "passed",
              "speed": "slow",
              "pass": true,
              "fail": false,
              "pending": false,
              "context": null,
              "code": "cy.get(CORRECT_ALTERNATIVE_SELECTOR).click();\ncy.get(WRONG_ALTERNATIVES_SELECTOR).should('have.css', 'border-color', 'rgb(255, 0, 0)');\ncy.get(WRONG_ALTERNATIVES_SELECTOR).should('have.css', 'border-style', 'solid');\ncy.get(WRONG_ALTERNATIVES_SELECTOR).should('have.css', 'border-width', '3px');",
              "err": {},
              "uuid": "aa481c7d-e824-4fc5-a666-bbac70afad6d",
              "parentUUID": "c51d7319-417c-4ae5-9b29-d18f20e90d91",
              "isHook": false,
              "skipped": false
            },
            {
              "title": "Verifica cor da alternativa correta quando erra a questão",
              "fullTitle": "7 - [TELA DE JOGO] Desenvolva o estilo que, ao clicar em uma resposta, a correta deve ficar verde e as incorretas, vermelhas Verifica cor da alternativa correta quando erra a questão",
              "timedOut": null,
              "duration": 3900,
              "state": "passed",
              "speed": "slow",
              "pass": true,
              "fail": false,
              "pending": false,
              "context": null,
              "code": "cy.get(WRONG_ALTERNATIVES_SELECTOR).first().click();\ncy.get(CORRECT_ALTERNATIVE_SELECTOR).should('have.css', 'border-color', 'rgb(6, 240, 15)');\ncy.get(CORRECT_ALTERNATIVE_SELECTOR).should('have.css', 'border-style', 'solid');\ncy.get(CORRECT_ALTERNATIVE_SELECTOR).should('have.css', 'border-width', '3px');",
              "err": {},
              "uuid": "110562ff-57cf-4189-9ab2-8da5116214e0",
              "parentUUID": "c51d7319-417c-4ae5-9b29-d18f20e90d91",
              "isHook": false,
              "skipped": false
            },
            {
              "title": "Verifica a cor das alternativas incorretas quando erra a questão",
              "fullTitle": "7 - [TELA DE JOGO] Desenvolva o estilo que, ao clicar em uma resposta, a correta deve ficar verde e as incorretas, vermelhas Verifica a cor das alternativas incorretas quando erra a questão",
              "timedOut": null,
              "duration": 3247,
              "state": "passed",
              "speed": "slow",
              "pass": true,
              "fail": false,
              "pending": false,
              "context": null,
              "code": "cy.get(WRONG_ALTERNATIVES_SELECTOR).first().click();\ncy.get(WRONG_ALTERNATIVES_SELECTOR).should('have.css', 'border-color', 'rgb(255, 0, 0)');\ncy.get(WRONG_ALTERNATIVES_SELECTOR).should('have.css', 'border-style', 'solid');\ncy.get(WRONG_ALTERNATIVES_SELECTOR).should('have.css', 'border-width', '3px');",
              "err": {},
              "uuid": "7cf0e0e4-7dd4-4f9b-874b-dbefdd3313dc",
              "parentUUID": "c51d7319-417c-4ae5-9b29-d18f20e90d91",
              "isHook": false,
              "skipped": false
            }
          ],
          "suites": [],
          "passes": [
            "9dee246f-66c7-4d01-b369-217080d6093c",
            "aa481c7d-e824-4fc5-a666-bbac70afad6d",
            "110562ff-57cf-4189-9ab2-8da5116214e0",
            "7cf0e0e4-7dd4-4f9b-874b-dbefdd3313dc"
          ],
          "failures": [],
          "pending": [],
          "skipped": [],
          "duration": 16184,
          "root": false,
          "rootEmpty": false,
          "_timeout": 2000
        },
        {
          "uuid": "093d690e-61b8-44d4-9fb4-8fca4dc7147f",
          "title": "8 - [TELA DE JOGO] Desenvolva um timer onde a pessoa que joga tem 30 segundos para responder",
          "fullFile": "",
          "file": "",
          "beforeHooks": [],
          "afterHooks": [],
          "tests": [
            {
              "title": "Aguarda 5 segundos e responde a alternativa correta",
              "fullTitle": "8 - [TELA DE JOGO] Desenvolva um timer onde a pessoa que joga tem 30 segundos para responder Aguarda 5 segundos e responde a alternativa correta",
              "timedOut": null,
              "duration": 8455,
              "state": "passed",
              "speed": "slow",
              "pass": true,
              "fail": false,
              "pending": false,
              "context": null,
              "code": "cy.wait(5000);\ncy.get(CORRECT_ALTERNATIVE_SELECTOR).should('not.be.disabled').click();",
              "err": {},
              "uuid": "f41adde3-99cf-455d-96f2-8382a6908230",
              "parentUUID": "093d690e-61b8-44d4-9fb4-8fca4dc7147f",
              "isHook": false,
              "skipped": false
            },
            {
              "title": "Aguarda mais de 30 segundos para responder",
              "fullTitle": "8 - [TELA DE JOGO] Desenvolva um timer onde a pessoa que joga tem 30 segundos para responder Aguarda mais de 30 segundos para responder",
              "timedOut": null,
              "duration": 34298,
              "state": "passed",
              "speed": "slow",
              "pass": true,
              "fail": false,
              "pending": false,
              "context": null,
              "code": "cy.wait(32000);\ncy.get(CORRECT_ALTERNATIVE_SELECTOR).should('be.disabled');",
              "err": {},
              "uuid": "bb875535-af3f-48d0-8428-a8e0749552cf",
              "parentUUID": "093d690e-61b8-44d4-9fb4-8fca4dc7147f",
              "isHook": false,
              "skipped": false
            }
          ],
          "suites": [],
          "passes": [
            "f41adde3-99cf-455d-96f2-8382a6908230",
            "bb875535-af3f-48d0-8428-a8e0749552cf"
          ],
          "failures": [],
          "pending": [],
          "skipped": [],
          "duration": 42753,
          "root": false,
          "rootEmpty": false,
          "_timeout": 2000
        },
        {
          "uuid": "a735ee1c-0799-464a-9cdc-a7e191eeb526",
          "title": "9 - [TELA DE JOGO] Crie o placar com as seguintes características:",
          "fullFile": "",
          "file": "",
          "beforeHooks": [],
          "afterHooks": [],
          "tests": [
            {
              "title": "Soma pontos ao acertar uma questão",
              "fullTitle": "9 - [TELA DE JOGO] Crie o placar com as seguintes características: Soma pontos ao acertar uma questão",
              "timedOut": null,
              "duration": 4604,
              "state": "passed",
              "speed": "slow",
              "pass": true,
              "fail": false,
              "pending": false,
              "context": null,
              "code": "var then = JSON.parse(localStorage.getItem(LOCAL_STORAGE_STATE_KEY));\ncy.get(CORRECT_ALTERNATIVE_SELECTOR).click().then(function () {\n  var now = JSON.parse(localStorage.getItem(LOCAL_STORAGE_STATE_KEY));\n  expect(then.player.score).to.be.lt(now.player.score);\n});",
              "err": {},
              "uuid": "a1206775-aa9e-4048-9e2a-c1cfd756d175",
              "parentUUID": "a735ee1c-0799-464a-9cdc-a7e191eeb526",
              "isHook": false,
              "skipped": false
            },
            {
              "title": "Não soma pontos ao errar uma questão",
              "fullTitle": "9 - [TELA DE JOGO] Crie o placar com as seguintes características: Não soma pontos ao errar uma questão",
              "timedOut": null,
              "duration": 2978,
              "state": "passed",
              "speed": "slow",
              "pass": true,
              "fail": false,
              "pending": false,
              "context": null,
              "code": "var then = JSON.parse(localStorage.getItem(LOCAL_STORAGE_STATE_KEY));\ncy.get(WRONG_ALTERNATIVES_SELECTOR).first().click().then(function () {\n  var now = JSON.parse(localStorage.getItem(LOCAL_STORAGE_STATE_KEY));\n  expect(then.player.score).to.be.eq(now.player.score);\n});",
              "err": {},
              "uuid": "9cb989e9-93bf-4cbf-844b-4ebeb1327175",
              "parentUUID": "a735ee1c-0799-464a-9cdc-a7e191eeb526",
              "isHook": false,
              "skipped": false
            }
          ],
          "suites": [],
          "passes": [
            "a1206775-aa9e-4048-9e2a-c1cfd756d175",
            "9cb989e9-93bf-4cbf-844b-4ebeb1327175"
          ],
          "failures": [],
          "pending": [],
          "skipped": [],
          "duration": 7582,
          "root": false,
          "rootEmpty": false,
          "_timeout": 2000
        },
        {
          "uuid": "d5507a13-5540-479f-b300-8c447b4dd3d5",
          "title": "10 - [TELA DE JOGO] Crie um botão de \"Próxima\" que apareça após a resposta ser dada",
          "fullFile": "",
          "file": "",
          "beforeHooks": [],
          "afterHooks": [],
          "tests": [
            {
              "title": "O botão de próxima pergunta não deve ser visível o início do jogo",
              "fullTitle": "10 - [TELA DE JOGO] Crie um botão de \"Próxima\" que apareça após a resposta ser dada O botão de próxima pergunta não deve ser visível o início do jogo",
              "timedOut": null,
              "duration": 3219,
              "state": "passed",
              "speed": "slow",
              "pass": true,
              "fail": false,
              "pending": false,
              "context": null,
              "code": "cy.get(BUTTON_NEXT_QUESTION_SELECTOR).should('not.be.visible');",
              "err": {},
              "uuid": "ba057e8b-66ac-4e7f-ac56-8272438f9e0d",
              "parentUUID": "d5507a13-5540-479f-b300-8c447b4dd3d5",
              "isHook": false,
              "skipped": false
            },
            {
              "title": "Botão de próxima pergunta é visível quando a pergunta é respondida corretamente",
              "fullTitle": "10 - [TELA DE JOGO] Crie um botão de \"Próxima\" que apareça após a resposta ser dada Botão de próxima pergunta é visível quando a pergunta é respondida corretamente",
              "timedOut": null,
              "duration": 3170,
              "state": "passed",
              "speed": "slow",
              "pass": true,
              "fail": false,
              "pending": false,
              "context": null,
              "code": "cy.get(CORRECT_ALTERNATIVE_SELECTOR).click();\ncy.get(BUTTON_NEXT_QUESTION_SELECTOR).should('be.visible');",
              "err": {},
              "uuid": "43ba9629-ac65-4e3b-9b96-2f680f9fa4ea",
              "parentUUID": "d5507a13-5540-479f-b300-8c447b4dd3d5",
              "isHook": false,
              "skipped": false
            },
            {
              "title": "Botão de próxima pergunta é visível quando a pergunta é respondida incorretamente",
              "fullTitle": "10 - [TELA DE JOGO] Crie um botão de \"Próxima\" que apareça após a resposta ser dada Botão de próxima pergunta é visível quando a pergunta é respondida incorretamente",
              "timedOut": null,
              "duration": 3914,
              "state": "passed",
              "speed": "slow",
              "pass": true,
              "fail": false,
              "pending": false,
              "context": null,
              "code": "cy.get(WRONG_ALTERNATIVES_SELECTOR).first().click();\ncy.get(BUTTON_NEXT_QUESTION_SELECTOR).should('be.visible');",
              "err": {},
              "uuid": "0a97a6b3-49ee-413e-be1a-3438ee94095b",
              "parentUUID": "d5507a13-5540-479f-b300-8c447b4dd3d5",
              "isHook": false,
              "skipped": false
            }
          ],
          "suites": [],
          "passes": [
            "ba057e8b-66ac-4e7f-ac56-8272438f9e0d",
            "43ba9629-ac65-4e3b-9b96-2f680f9fa4ea",
            "0a97a6b3-49ee-413e-be1a-3438ee94095b"
          ],
          "failures": [],
          "pending": [],
          "skipped": [],
          "duration": 10303,
          "root": false,
          "rootEmpty": false,
          "_timeout": 2000
        },
        {
          "uuid": "a45e0330-2070-463e-8299-bc713b9d63ba",
          "title": "11 - [TELA DE JOGO] Desenvolva o jogo de forma que a pessoa que joga deve responder 5 perguntas no total",
          "fullFile": "",
          "file": "",
          "beforeHooks": [],
          "afterHooks": [],
          "tests": [
            {
              "title": "Acerta todas as perguntas",
              "fullTitle": "11 - [TELA DE JOGO] Desenvolva o jogo de forma que a pessoa que joga deve responder 5 perguntas no total Acerta todas as perguntas",
              "timedOut": null,
              "duration": 4099,
              "state": "passed",
              "speed": "slow",
              "pass": true,
              "fail": false,
              "pending": false,
              "context": null,
              "code": "var before = JSON.parse(localStorage.getItem(LOCAL_STORAGE_STATE_KEY));\ncy.get(CORRECT_ALTERNATIVE_SELECTOR).click();\ncy.get(BUTTON_NEXT_QUESTION_SELECTOR).click();\ncy.get(CORRECT_ALTERNATIVE_SELECTOR).click();\ncy.get(BUTTON_NEXT_QUESTION_SELECTOR).click();\ncy.get(CORRECT_ALTERNATIVE_SELECTOR).click();\ncy.get(BUTTON_NEXT_QUESTION_SELECTOR).click();\ncy.get(CORRECT_ALTERNATIVE_SELECTOR).click();\ncy.get(BUTTON_NEXT_QUESTION_SELECTOR).click();\ncy.get(CORRECT_ALTERNATIVE_SELECTOR).click().then(function () {\n  var after = JSON.parse(localStorage.getItem(LOCAL_STORAGE_STATE_KEY));\n  expect(before.player.score).to.be.lt(after.player.score);\n});",
              "err": {},
              "uuid": "2bb566de-7e56-4a62-a026-e64d64070d48",
              "parentUUID": "a45e0330-2070-463e-8299-bc713b9d63ba",
              "isHook": false,
              "skipped": false
            },
            {
              "title": "Erra todas as perguntas",
              "fullTitle": "11 - [TELA DE JOGO] Desenvolva o jogo de forma que a pessoa que joga deve responder 5 perguntas no total Erra todas as perguntas",
              "timedOut": null,
              "duration": 4404,
              "state": "passed",
              "speed": "slow",
              "pass": true,
              "fail": false,
              "pending": false,
              "context": null,
              "code": "var before = JSON.parse(localStorage.getItem(LOCAL_STORAGE_STATE_KEY));\ncy.get(WRONG_ALTERNATIVES_SELECTOR).first().click();\ncy.get(BUTTON_NEXT_QUESTION_SELECTOR).click();\ncy.get(WRONG_ALTERNATIVES_SELECTOR).first().click();\ncy.get(BUTTON_NEXT_QUESTION_SELECTOR).click();\ncy.get(WRONG_ALTERNATIVES_SELECTOR).first().click();\ncy.get(BUTTON_NEXT_QUESTION_SELECTOR).click();\ncy.get(WRONG_ALTERNATIVES_SELECTOR).first().click();\ncy.get(BUTTON_NEXT_QUESTION_SELECTOR).click();\ncy.get(WRONG_ALTERNATIVES_SELECTOR).first().click().then(function () {\n  var after = JSON.parse(localStorage.getItem(LOCAL_STORAGE_STATE_KEY));\n  expect(before.player.score).to.be.eq(after.player.score);\n});",
              "err": {},
              "uuid": "f7185aea-a46a-4ead-aa56-b93d31ac837d",
              "parentUUID": "a45e0330-2070-463e-8299-bc713b9d63ba",
              "isHook": false,
              "skipped": false
            },
            {
              "title": "Redireciona para a tela de _feedback_ após a quinta pergunta",
              "fullTitle": "11 - [TELA DE JOGO] Desenvolva o jogo de forma que a pessoa que joga deve responder 5 perguntas no total Redireciona para a tela de _feedback_ após a quinta pergunta",
              "timedOut": null,
              "duration": 4856,
              "state": "passed",
              "speed": "slow",
              "pass": true,
              "fail": false,
              "pending": false,
              "context": null,
              "code": "cy.get(CORRECT_ALTERNATIVE_SELECTOR).click();\ncy.get(BUTTON_NEXT_QUESTION_SELECTOR).click();\ncy.get(CORRECT_ALTERNATIVE_SELECTOR).click();\ncy.get(BUTTON_NEXT_QUESTION_SELECTOR).click();\ncy.get(CORRECT_ALTERNATIVE_SELECTOR).click();\ncy.get(BUTTON_NEXT_QUESTION_SELECTOR).click();\ncy.get(CORRECT_ALTERNATIVE_SELECTOR).click();\ncy.get(BUTTON_NEXT_QUESTION_SELECTOR).click();\ncy.get(CORRECT_ALTERNATIVE_SELECTOR).click();\ncy.get(BUTTON_NEXT_QUESTION_SELECTOR).click();\ncy.get(FEEDBACK_TEXT_SELECTOR).should('exist');",
              "err": {},
              "uuid": "2bc73fd9-d9f6-4094-8769-ac1105855a6b",
              "parentUUID": "a45e0330-2070-463e-8299-bc713b9d63ba",
              "isHook": false,
              "skipped": false
            }
          ],
          "suites": [],
          "passes": [
            "2bb566de-7e56-4a62-a026-e64d64070d48",
            "f7185aea-a46a-4ead-aa56-b93d31ac837d",
            "2bc73fd9-d9f6-4094-8769-ac1105855a6b"
          ],
          "failures": [],
          "pending": [],
          "skipped": [],
          "duration": 13359,
          "root": false,
          "rootEmpty": false,
          "_timeout": 2000
        },
        {
          "uuid": "c23ce2b1-52ed-4903-a79c-27e60c263b20",
          "title": "12 - [TELA DE FEEDBACK] Desenvolva o header de _feedback_ que deve conter as informações da pessoa jogadora",
          "fullFile": "",
          "file": "",
          "beforeHooks": [],
          "afterHooks": [],
          "tests": [
            {
              "title": "A imagem do Gravatar está presente no header",
              "fullTitle": "12 - [TELA DE FEEDBACK] Desenvolva o header de _feedback_ que deve conter as informações da pessoa jogadora A imagem do Gravatar está presente no header",
              "timedOut": null,
              "duration": 7362,
              "state": "passed",
              "speed": "slow",
              "pass": true,
              "fail": false,
              "pending": false,
              "context": null,
              "code": "cy.get(HEADER_IMAGE_SELECTOR).should('exist');",
              "err": {},
              "uuid": "bd51d9fb-fc9f-483a-81d6-13591f6eea68",
              "parentUUID": "c23ce2b1-52ed-4903-a79c-27e60c263b20",
              "isHook": false,
              "skipped": false
            },
            {
              "title": "O nome da pessoa está presente no header",
              "fullTitle": "12 - [TELA DE FEEDBACK] Desenvolva o header de _feedback_ que deve conter as informações da pessoa jogadora O nome da pessoa está presente no header",
              "timedOut": null,
              "duration": 4888,
              "state": "passed",
              "speed": "slow",
              "pass": true,
              "fail": false,
              "pending": false,
              "context": null,
              "code": "cy.get(HEADER_NAME_SELECTOR).contains(name);",
              "err": {},
              "uuid": "a61e8829-e98d-4e85-9e1c-69f36a36b5e7",
              "parentUUID": "c23ce2b1-52ed-4903-a79c-27e60c263b20",
              "isHook": false,
              "skipped": false
            },
            {
              "title": "O placar com o valor atual está presente no header",
              "fullTitle": "12 - [TELA DE FEEDBACK] Desenvolva o header de _feedback_ que deve conter as informações da pessoa jogadora O placar com o valor atual está presente no header",
              "timedOut": null,
              "duration": 3983,
              "state": "passed",
              "speed": "slow",
              "pass": true,
              "fail": false,
              "pending": false,
              "context": null,
              "code": "cy.get(HEADER_SCORE_SELECTOR).should(function ($el) {\n  var state = JSON.parse(localStorage.getItem(LOCAL_STORAGE_STATE_KEY));\n  expect(parseInt($el.text())).to.be.eq(state.player.score);\n});",
              "err": {},
              "uuid": "fa0c5464-df52-4310-8948-ca28a419a086",
              "parentUUID": "c23ce2b1-52ed-4903-a79c-27e60c263b20",
              "isHook": false,
              "skipped": false
            }
          ],
          "suites": [],
          "passes": [
            "bd51d9fb-fc9f-483a-81d6-13591f6eea68",
            "a61e8829-e98d-4e85-9e1c-69f36a36b5e7",
            "fa0c5464-df52-4310-8948-ca28a419a086"
          ],
          "failures": [],
          "pending": [],
          "skipped": [],
          "duration": 16233,
          "root": false,
          "rootEmpty": false,
          "_timeout": 2000
        },
        {
          "uuid": "ca448dae-d96a-4ed0-b357-6a03116db34f",
          "title": "13 - [TELA DE FEEDBACK] Crie a mensagem de _feedback_ para ser exibida a pessoa usuária",
          "fullFile": "",
          "file": "",
          "beforeHooks": [],
          "afterHooks": [],
          "tests": [
            {
              "title": "Acertou menos de 3 perguntas",
              "fullTitle": "13 - [TELA DE FEEDBACK] Crie a mensagem de _feedback_ para ser exibida a pessoa usuária Acertou menos de 3 perguntas",
              "timedOut": null,
              "duration": 4224,
              "state": "passed",
              "speed": "slow",
              "pass": true,
              "fail": false,
              "pending": false,
              "context": null,
              "code": "cy.get(CORRECT_ALTERNATIVE_SELECTOR).click();\ncy.get(BUTTON_NEXT_QUESTION_SELECTOR).click();\ncy.get(CORRECT_ALTERNATIVE_SELECTOR).click();\ncy.get(BUTTON_NEXT_QUESTION_SELECTOR).click();\ncy.get(WRONG_ALTERNATIVES_SELECTOR).first().click();\ncy.get(BUTTON_NEXT_QUESTION_SELECTOR).click();\ncy.get(WRONG_ALTERNATIVES_SELECTOR).first().click();\ncy.get(BUTTON_NEXT_QUESTION_SELECTOR).click();\ncy.get(WRONG_ALTERNATIVES_SELECTOR).first().click();\ncy.get(BUTTON_NEXT_QUESTION_SELECTOR).click();\ncy.get(FEEDBACK_TEXT_SELECTOR).contains('Podia ser melhor...');",
              "err": {},
              "uuid": "6c0e6589-2d10-403f-ae6b-a0c3dd40db20",
              "parentUUID": "ca448dae-d96a-4ed0-b357-6a03116db34f",
              "isHook": false,
              "skipped": false
            },
            {
              "title": "Acertou 3 perguntas",
              "fullTitle": "13 - [TELA DE FEEDBACK] Crie a mensagem de _feedback_ para ser exibida a pessoa usuária Acertou 3 perguntas",
              "timedOut": null,
              "duration": 4665,
              "state": "passed",
              "speed": "slow",
              "pass": true,
              "fail": false,
              "pending": false,
              "context": null,
              "code": "cy.get(WRONG_ALTERNATIVES_SELECTOR).first().click();\ncy.get(BUTTON_NEXT_QUESTION_SELECTOR).click();\ncy.get(CORRECT_ALTERNATIVE_SELECTOR).click();\ncy.get(BUTTON_NEXT_QUESTION_SELECTOR).click();\ncy.get(WRONG_ALTERNATIVES_SELECTOR).first().click();\ncy.get(BUTTON_NEXT_QUESTION_SELECTOR).click();\ncy.get(CORRECT_ALTERNATIVE_SELECTOR).first().click();\ncy.get(BUTTON_NEXT_QUESTION_SELECTOR).click();\ncy.get(CORRECT_ALTERNATIVE_SELECTOR).click();\ncy.get(BUTTON_NEXT_QUESTION_SELECTOR).click();\ncy.get(FEEDBACK_TEXT_SELECTOR).contains('Mandou bem!');",
              "err": {},
              "uuid": "706bbdfc-d7c8-4216-9960-8e9aa15f519d",
              "parentUUID": "ca448dae-d96a-4ed0-b357-6a03116db34f",
              "isHook": false,
              "skipped": false
            },
            {
              "title": "Acertou mais de 3 perguntas",
              "fullTitle": "13 - [TELA DE FEEDBACK] Crie a mensagem de _feedback_ para ser exibida a pessoa usuária Acertou mais de 3 perguntas",
              "timedOut": null,
              "duration": 5045,
              "state": "passed",
              "speed": "slow",
              "pass": true,
              "fail": false,
              "pending": false,
              "context": null,
              "code": "cy.get(CORRECT_ALTERNATIVE_SELECTOR).click();\ncy.get(BUTTON_NEXT_QUESTION_SELECTOR).click();\ncy.get(CORRECT_ALTERNATIVE_SELECTOR).click();\ncy.get(BUTTON_NEXT_QUESTION_SELECTOR).click();\ncy.get(WRONG_ALTERNATIVES_SELECTOR).first().click();\ncy.get(BUTTON_NEXT_QUESTION_SELECTOR).click();\ncy.get(CORRECT_ALTERNATIVE_SELECTOR).click();\ncy.get(BUTTON_NEXT_QUESTION_SELECTOR).click();\ncy.get(CORRECT_ALTERNATIVE_SELECTOR).click();\ncy.get(BUTTON_NEXT_QUESTION_SELECTOR).click();\ncy.get(FEEDBACK_TEXT_SELECTOR).contains('Mandou bem!');",
              "err": {},
              "uuid": "3c27359f-79b4-4a92-adbb-a52c4a543e54",
              "parentUUID": "ca448dae-d96a-4ed0-b357-6a03116db34f",
              "isHook": false,
              "skipped": false
            }
          ],
          "suites": [],
          "passes": [
            "6c0e6589-2d10-403f-ae6b-a0c3dd40db20",
            "706bbdfc-d7c8-4216-9960-8e9aa15f519d",
            "3c27359f-79b4-4a92-adbb-a52c4a543e54"
          ],
          "failures": [],
          "pending": [],
          "skipped": [],
          "duration": 13934,
          "root": false,
          "rootEmpty": false,
          "_timeout": 2000
        },
        {
          "uuid": "affdd182-e2f2-4b77-8c8c-1738c8037772",
          "title": "14 - [TELA DE FEEDBACK] Exiba as informações relacionadas aos resultados obtidos para a pessoa usuária",
          "fullFile": "",
          "file": "",
          "beforeHooks": [],
          "afterHooks": [],
          "tests": [
            {
              "title": "Não acertou nenhuma pergunta",
              "fullTitle": "14 - [TELA DE FEEDBACK] Exiba as informações relacionadas aos resultados obtidos para a pessoa usuária Não acertou nenhuma pergunta",
              "timedOut": null,
              "duration": 3986,
              "state": "passed",
              "speed": "slow",
              "pass": true,
              "fail": false,
              "pending": false,
              "context": null,
              "code": "cy.get(WRONG_ALTERNATIVES_SELECTOR).first().click();\ncy.get(BUTTON_NEXT_QUESTION_SELECTOR).click();\ncy.get(WRONG_ALTERNATIVES_SELECTOR).first().click();\ncy.get(BUTTON_NEXT_QUESTION_SELECTOR).click();\ncy.get(WRONG_ALTERNATIVES_SELECTOR).first().click();\ncy.get(BUTTON_NEXT_QUESTION_SELECTOR).click();\ncy.get(WRONG_ALTERNATIVES_SELECTOR).first().click();\ncy.get(BUTTON_NEXT_QUESTION_SELECTOR).click();\ncy.get(WRONG_ALTERNATIVES_SELECTOR).first().click();\ncy.get(BUTTON_NEXT_QUESTION_SELECTOR).click();\ncy.get(FEEDBACK_TOTAL_SCORE_SELECTOR).should(function ($el) {\n  var state = JSON.parse(localStorage.getItem(LOCAL_STORAGE_STATE_KEY));\n  expect(parseInt($el.text())).to.be.eq(state.player.score);\n});\ncy.get(FEEDBACK_TOTAL_QUESTION_SELECTOR).should(function ($el) {\n  var state = JSON.parse(localStorage.getItem(LOCAL_STORAGE_STATE_KEY));\n  expect(parseInt($el.text())).to.be.eq(state.player.assertions);\n});",
              "err": {},
              "uuid": "076df9ff-de1a-4030-a83d-d8bca926bbe3",
              "parentUUID": "affdd182-e2f2-4b77-8c8c-1738c8037772",
              "isHook": false,
              "skipped": false
            },
            {
              "title": "Acertou 2 perguntas",
              "fullTitle": "14 - [TELA DE FEEDBACK] Exiba as informações relacionadas aos resultados obtidos para a pessoa usuária Acertou 2 perguntas",
              "timedOut": null,
              "duration": 4112,
              "state": "passed",
              "speed": "slow",
              "pass": true,
              "fail": false,
              "pending": false,
              "context": null,
              "code": "cy.get(CORRECT_ALTERNATIVE_SELECTOR).click();\ncy.get(BUTTON_NEXT_QUESTION_SELECTOR).click();\ncy.get(CORRECT_ALTERNATIVE_SELECTOR).click();\ncy.get(BUTTON_NEXT_QUESTION_SELECTOR).click();\ncy.get(WRONG_ALTERNATIVES_SELECTOR).first().click();\ncy.get(BUTTON_NEXT_QUESTION_SELECTOR).click();\ncy.get(WRONG_ALTERNATIVES_SELECTOR).first().click();\ncy.get(BUTTON_NEXT_QUESTION_SELECTOR).click();\ncy.get(WRONG_ALTERNATIVES_SELECTOR).first().click();\ncy.get(BUTTON_NEXT_QUESTION_SELECTOR).click();\ncy.get(FEEDBACK_TOTAL_SCORE_SELECTOR).should(function ($el) {\n  var state = JSON.parse(localStorage.getItem(LOCAL_STORAGE_STATE_KEY));\n  expect(parseInt($el.text())).to.be.eq(state.player.score);\n});\ncy.get(FEEDBACK_TOTAL_QUESTION_SELECTOR).should(function ($el) {\n  var state = JSON.parse(localStorage.getItem(LOCAL_STORAGE_STATE_KEY));\n  expect(parseInt($el.text())).to.be.eq(state.player.assertions);\n});",
              "err": {},
              "uuid": "e419ab33-5a6c-40a6-ae8e-e654a7ca4a9a",
              "parentUUID": "affdd182-e2f2-4b77-8c8c-1738c8037772",
              "isHook": false,
              "skipped": false
            },
            {
              "title": "Acertou 4 perguntas",
              "fullTitle": "14 - [TELA DE FEEDBACK] Exiba as informações relacionadas aos resultados obtidos para a pessoa usuária Acertou 4 perguntas",
              "timedOut": null,
              "duration": 4497,
              "state": "passed",
              "speed": "slow",
              "pass": true,
              "fail": false,
              "pending": false,
              "context": null,
              "code": "cy.get(CORRECT_ALTERNATIVE_SELECTOR).click();\ncy.get(BUTTON_NEXT_QUESTION_SELECTOR).click();\ncy.get(CORRECT_ALTERNATIVE_SELECTOR).click();\ncy.get(BUTTON_NEXT_QUESTION_SELECTOR).click();\ncy.get(CORRECT_ALTERNATIVE_SELECTOR).click();\ncy.get(BUTTON_NEXT_QUESTION_SELECTOR).click();\ncy.get(WRONG_ALTERNATIVES_SELECTOR).first().click();\ncy.get(BUTTON_NEXT_QUESTION_SELECTOR).click();\ncy.get(CORRECT_ALTERNATIVE_SELECTOR).click();\ncy.get(BUTTON_NEXT_QUESTION_SELECTOR).click();\ncy.get(FEEDBACK_TOTAL_SCORE_SELECTOR).should(function ($el) {\n  var state = JSON.parse(localStorage.getItem(LOCAL_STORAGE_STATE_KEY));\n  expect(parseInt($el.text())).to.be.eq(state.player.score);\n});\ncy.get(FEEDBACK_TOTAL_QUESTION_SELECTOR).should(function ($el) {\n  var state = JSON.parse(localStorage.getItem(LOCAL_STORAGE_STATE_KEY));\n  expect(parseInt($el.text())).to.be.eq(state.player.assertions);\n});",
              "err": {},
              "uuid": "eae1b892-6678-45a4-90ab-b9ce4c05ed07",
              "parentUUID": "affdd182-e2f2-4b77-8c8c-1738c8037772",
              "isHook": false,
              "skipped": false
            }
          ],
          "suites": [],
          "passes": [
            "076df9ff-de1a-4030-a83d-d8bca926bbe3",
            "e419ab33-5a6c-40a6-ae8e-e654a7ca4a9a",
            "eae1b892-6678-45a4-90ab-b9ce4c05ed07"
          ],
          "failures": [],
          "pending": [],
          "skipped": [],
          "duration": 12595,
          "root": false,
          "rootEmpty": false,
          "_timeout": 2000
        },
        {
          "uuid": "ae2b6f66-0400-479a-9a5c-7528be839fac",
          "title": "15 - [TELA DE FEEDBACK] Crie a opção para a pessoa jogadora poder jogar novamente",
          "fullFile": "",
          "file": "",
          "beforeHooks": [],
          "afterHooks": [],
          "tests": [
            {
              "title": "A pessoa deve ser redirecionada para tela inicial",
              "fullTitle": "15 - [TELA DE FEEDBACK] Crie a opção para a pessoa jogadora poder jogar novamente A pessoa deve ser redirecionada para tela inicial",
              "timedOut": null,
              "duration": 5199,
              "state": "passed",
              "speed": "slow",
              "pass": true,
              "fail": false,
              "pending": false,
              "context": null,
              "code": "cy.get(BUTTON_PLAY_AGAIN_SELECTOR).click();\ncy.get(INPUT_PLAYER_EMAIL_SELECTOR).should('exist');",
              "err": {},
              "uuid": "76c6342f-07fc-40d1-9bc1-04bb5bcafb88",
              "parentUUID": "ae2b6f66-0400-479a-9a5c-7528be839fac",
              "isHook": false,
              "skipped": false
            }
          ],
          "suites": [],
          "passes": [
            "76c6342f-07fc-40d1-9bc1-04bb5bcafb88"
          ],
          "failures": [],
          "pending": [],
          "skipped": [],
          "duration": 5199,
          "root": false,
          "rootEmpty": false,
          "_timeout": 2000
        },
        {
          "uuid": "e7b7da28-7f5e-475c-ac60-b5d35a24ebfb",
          "title": "16 - [TELA DE FEEDBACK] Crie a opção para a pessoa jogadora poder visualizar a tela de _ranking_",
          "fullFile": "",
          "file": "",
          "beforeHooks": [],
          "afterHooks": [],
          "tests": [
            {
              "title": "A pessoa deve ser redirecionada para tela de ranking",
              "fullTitle": "16 - [TELA DE FEEDBACK] Crie a opção para a pessoa jogadora poder visualizar a tela de _ranking_ A pessoa deve ser redirecionada para tela de ranking",
              "timedOut": null,
              "duration": 4340,
              "state": "passed",
              "speed": "slow",
              "pass": true,
              "fail": false,
              "pending": false,
              "context": null,
              "code": "cy.get(BUTTON_RANKING_SELECTOR).click();\ncy.get(RANKING_TITLE_SELECTOR).should('exist');",
              "err": {},
              "uuid": "627e0971-c9d7-48e6-9398-ae2d2456e0a6",
              "parentUUID": "e7b7da28-7f5e-475c-ac60-b5d35a24ebfb",
              "isHook": false,
              "skipped": false
            }
          ],
          "suites": [],
          "passes": [
            "627e0971-c9d7-48e6-9398-ae2d2456e0a6"
          ],
          "failures": [],
          "pending": [],
          "skipped": [],
          "duration": 4340,
          "root": false,
          "rootEmpty": false,
          "_timeout": 2000
        },
        {
          "uuid": "f2843aa6-3f78-464e-b714-ec0cb2d093b1",
          "title": "17 - [TELA DE RANKING] Crie a tela de _ranking_",
          "fullFile": "",
          "file": "",
          "beforeHooks": [],
          "afterHooks": [],
          "tests": [
            {
              "title": "Deve existir uma pessoa no _ranking_",
              "fullTitle": "17 - [TELA DE RANKING] Crie a tela de _ranking_ Deve existir uma pessoa no _ranking_",
              "timedOut": null,
              "duration": 4303,
              "state": "passed",
              "speed": "slow",
              "pass": true,
              "fail": false,
              "pending": false,
              "context": null,
              "code": "cy.get(RANKING_PLAYERS_NAME_SELECTOR).should(function ($el) {\n  expect($el).to.have.lengthOf(1);\n});",
              "err": {},
              "uuid": "78db82f3-49f7-4a42-8e54-404b54a727a6",
              "parentUUID": "f2843aa6-3f78-464e-b714-ec0cb2d093b1",
              "isHook": false,
              "skipped": false
            },
            {
              "title": "Devem existir duas pessoas no _ranking_",
              "fullTitle": "17 - [TELA DE RANKING] Crie a tela de _ranking_ Devem existir duas pessoas no _ranking_",
              "timedOut": null,
              "duration": 8757,
              "state": "passed",
              "speed": "slow",
              "pass": true,
              "fail": false,
              "pending": false,
              "context": null,
              "code": "cy.get(BUTTON_GO_HOME_SELECTOR).click();\ncy.get(INPUT_PLAYER_NAME_SELECTOR).clear();\ncy.get(INPUT_PLAYER_EMAIL_SELECTOR).clear();\ncy.get(INPUT_PLAYER_NAME_SELECTOR).type(name2);\ncy.get(INPUT_PLAYER_EMAIL_SELECTOR).type(email2);\ncy.get(BUTTON_PLAY_SELECTOR).click();\ncy.get(CORRECT_ALTERNATIVE_SELECTOR).click();\ncy.get(BUTTON_NEXT_QUESTION_SELECTOR).click();\ncy.get(CORRECT_ALTERNATIVE_SELECTOR).click();\ncy.get(BUTTON_NEXT_QUESTION_SELECTOR).click();\ncy.get(CORRECT_ALTERNATIVE_SELECTOR).click();\ncy.get(BUTTON_NEXT_QUESTION_SELECTOR).click();\ncy.get(CORRECT_ALTERNATIVE_SELECTOR).click();\ncy.get(BUTTON_NEXT_QUESTION_SELECTOR).click();\ncy.get(CORRECT_ALTERNATIVE_SELECTOR).click();\ncy.get(BUTTON_NEXT_QUESTION_SELECTOR).click();\ncy.get(BUTTON_RANKING_SELECTOR).click();\ncy.get(RANKING_PLAYERS_NAME_SELECTOR).should(function ($el) {\n  expect($el).to.have.lengthOf(2);\n});",
              "err": {},
              "uuid": "caaa8a45-1afb-4e06-a12d-7dfd3eb19be8",
              "parentUUID": "f2843aa6-3f78-464e-b714-ec0cb2d093b1",
              "isHook": false,
              "skipped": false
            },
            {
              "title": "O _ranking_ deve ser ordenado pela pontuação",
              "fullTitle": "17 - [TELA DE RANKING] Crie a tela de _ranking_ O _ranking_ deve ser ordenado pela pontuação",
              "timedOut": null,
              "duration": 10886,
              "state": "passed",
              "speed": "slow",
              "pass": true,
              "fail": false,
              "pending": false,
              "context": null,
              "code": "cy.get(BUTTON_GO_HOME_SELECTOR).click();\ncy.get(INPUT_PLAYER_NAME_SELECTOR).clear();\ncy.get(INPUT_PLAYER_EMAIL_SELECTOR).clear();\ncy.get(INPUT_PLAYER_NAME_SELECTOR).type(name2);\ncy.get(INPUT_PLAYER_EMAIL_SELECTOR).type(email2);\ncy.get(BUTTON_PLAY_SELECTOR).click();\ncy.get(WRONG_ALTERNATIVES_SELECTOR).first().click();\ncy.get(BUTTON_NEXT_QUESTION_SELECTOR).click();\ncy.get(WRONG_ALTERNATIVES_SELECTOR).first().click();\ncy.get(BUTTON_NEXT_QUESTION_SELECTOR).click();\ncy.get(WRONG_ALTERNATIVES_SELECTOR).first().click();\ncy.get(BUTTON_NEXT_QUESTION_SELECTOR).click();\ncy.get(WRONG_ALTERNATIVES_SELECTOR).first().click();\ncy.get(BUTTON_NEXT_QUESTION_SELECTOR).click();\ncy.get(WRONG_ALTERNATIVES_SELECTOR).first().click();\ncy.get(BUTTON_NEXT_QUESTION_SELECTOR).click();\ncy.get(BUTTON_RANKING_SELECTOR).click();\ncy.get(BUTTON_GO_HOME_SELECTOR).click();\ncy.get(INPUT_PLAYER_NAME_SELECTOR).clear();\ncy.get(INPUT_PLAYER_EMAIL_SELECTOR).clear();\ncy.get(INPUT_PLAYER_NAME_SELECTOR).type(name3);\ncy.get(INPUT_PLAYER_EMAIL_SELECTOR).type(email3);\ncy.get(BUTTON_PLAY_SELECTOR).click();\ncy.get(CORRECT_ALTERNATIVE_SELECTOR).click();\ncy.get(BUTTON_NEXT_QUESTION_SELECTOR).click();\ncy.get(WRONG_ALTERNATIVES_SELECTOR).first().click();\ncy.get(BUTTON_NEXT_QUESTION_SELECTOR).click();\ncy.get(WRONG_ALTERNATIVES_SELECTOR).first().click();\ncy.get(BUTTON_NEXT_QUESTION_SELECTOR).click();\ncy.get(WRONG_ALTERNATIVES_SELECTOR).first().click();\ncy.get(BUTTON_NEXT_QUESTION_SELECTOR).click();\ncy.get(WRONG_ALTERNATIVES_SELECTOR).first().click();\ncy.get(BUTTON_NEXT_QUESTION_SELECTOR).click();\ncy.get(BUTTON_RANKING_SELECTOR).click();\nvar ranking = [name1, name3, name2];\ncy.get(RANKING_PLAYERS_NAME_SELECTOR).should(function ($el) {\n  expect($el).to.have.lengthOf(3);\n});\ncy.get(RANKING_PLAYERS_NAME_SELECTOR).each(function ($el, $index) {\n  expect($el.text()).to.be.eq(ranking[$index]);\n});",
              "err": {},
              "uuid": "45af9e31-18f9-4396-bdab-efcdbd8e77e3",
              "parentUUID": "f2843aa6-3f78-464e-b714-ec0cb2d093b1",
              "isHook": false,
              "skipped": false
            }
          ],
          "suites": [],
          "passes": [
            "78db82f3-49f7-4a42-8e54-404b54a727a6",
            "caaa8a45-1afb-4e06-a12d-7dfd3eb19be8",
            "45af9e31-18f9-4396-bdab-efcdbd8e77e3"
          ],
          "failures": [],
          "pending": [],
          "skipped": [],
          "duration": 23946,
          "root": false,
          "rootEmpty": false,
          "_timeout": 2000
        },
        {
          "uuid": "39da52bc-fb44-4da1-a7b6-7d90e4156a42",
          "title": "18 - [TELA DE RANKING] Crie um botão para ir ao início",
          "fullFile": "",
          "file": "",
          "beforeHooks": [],
          "afterHooks": [],
          "tests": [
            {
              "title": "Volta para a tela inicial",
              "fullTitle": "18 - [TELA DE RANKING] Crie um botão para ir ao início Volta para a tela inicial",
              "timedOut": null,
              "duration": 5723,
              "state": "passed",
              "speed": "slow",
              "pass": true,
              "fail": false,
              "pending": false,
              "context": null,
              "code": "cy.visit('http://localhost:3000/');\ncy.clearLocalStorage();\ncy.get(INPUT_PLAYER_NAME_SELECTOR).type(name1);\ncy.get(INPUT_PLAYER_EMAIL_SELECTOR).type(email1);\ncy.get(BUTTON_PLAY_SELECTOR).click();\ncy.get(CORRECT_ALTERNATIVE_SELECTOR).click();\ncy.get(BUTTON_NEXT_QUESTION_SELECTOR).click();\ncy.get(CORRECT_ALTERNATIVE_SELECTOR).click();\ncy.get(BUTTON_NEXT_QUESTION_SELECTOR).click();\ncy.get(CORRECT_ALTERNATIVE_SELECTOR).click();\ncy.get(BUTTON_NEXT_QUESTION_SELECTOR).click();\ncy.get(CORRECT_ALTERNATIVE_SELECTOR).click();\ncy.get(BUTTON_NEXT_QUESTION_SELECTOR).click();\ncy.get(CORRECT_ALTERNATIVE_SELECTOR).click();\ncy.get(BUTTON_NEXT_QUESTION_SELECTOR).click();\ncy.get(BUTTON_RANKING_SELECTOR).click();\ncy.get(BUTTON_GO_HOME_SELECTOR).click();\ncy.get(INPUT_PLAYER_EMAIL_SELECTOR).should('exist');\nvar storage = Object.keys(localStorage).length;\nexpect(storage).to.be.lessThan(4);",
              "err": {},
              "uuid": "95128d92-bfdb-4e1b-af05-09667f8fbb59",
              "parentUUID": "39da52bc-fb44-4da1-a7b6-7d90e4156a42",
              "isHook": false,
              "skipped": false
            }
          ],
          "suites": [],
          "passes": [
            "95128d92-bfdb-4e1b-af05-09667f8fbb59"
          ],
          "failures": [],
          "pending": [],
          "skipped": [],
          "duration": 5723,
          "root": false,
          "rootEmpty": false,
          "_timeout": 2000
        }
      ],
      "passes": [],
      "failures": [],
      "pending": [],
      "skipped": [],
      "duration": 0,
      "root": true,
      "rootEmpty": true,
      "_timeout": 2000
    }
  ],
  "meta": {
    "mocha": {
      "version": "7.2.0"
    },
    "mochawesome": {
      "options": {
        "quiet": false,
        "reportFilename": "mochawesome",
        "saveHtml": false,
        "saveJson": true,
        "consoleReporter": "spec",
        "useInlineDiffs": false,
        "code": true
      },
      "version": "6.1.1"
    },
    "marge": {
      "options": {
        "id": "default",
        "reportDir": "cypress/reports",
        "overwrite": true,
        "html": false,
        "json": true
      },
      "version": "5.1.0"
    }
  }
}